# JRE version: Java(TM) SE Runtime Environment (17.0.11+7) (build 17.0.11+7-LTS-207)
# Java VM: Java HotSpot(TM) 64-Bit Server VM (17.0.11+7-LTS-207, mixed mode, sharing, tiered, compressed oops, compressed class ptrs, g1 gc, windows-amd64)
GC Precious Log:
 CPUs: 4 total, 4 available
 Memory: 8067M
 Large Page Support: Disabled
 NUMA Support: Disabled
 Compressed Oops: Enabled (32-bit)
 Heap Region Size: 1M
 Heap Min Capacity: 8M
 Heap Initial Capacity: 128M
 Heap Max Capacity: 2018M
 Pre-touch: Disabled
 Parallel Workers: 4
 Concurrent Workers: 1
 Concurrent Refinement Workers: 4
 Periodic GC: Disabled
Heap:
 garbage-first heap   total 131072K, used 83174K [0x0000000081e00000, 0x0000000100000000)
  region size 1024K, 35 young (35840K), 5 survivors (5120K)
 Metaspace       used 19899K, committed 20160K, reserved 1114112K
  class space    used 2270K, committed 2368K, reserved 1048576K
GC Heap History (14 events):
Event: 4.108 GC heap before
{Heap before GC invocations=0 (full 0):
 garbage-first heap   total 131072K, used 13312K [0x0000000081e00000, 0x0000000100000000)
  region size 1024K, 13 young (13312K), 0 survivors (0K)
 Metaspace       used 3594K, committed 3840K, reserved 1114112K
  class space    used 379K, committed 512K, reserved 1048576K
}
Event: 4.126 GC heap after
{Heap after GC invocations=1 (full 0):
 garbage-first heap   total 131072K, used 3262K [0x0000000081e00000, 0x0000000100000000)
  region size 1024K, 2 young (2048K), 2 survivors (2048K)
 Metaspace       used 3594K, committed 3840K, reserved 1114112K
  class space    used 379K, committed 512K, reserved 1048576K
}
Event: 4.975 GC heap before
{Heap before GC invocations=1 (full 0):
 garbage-first heap   total 131072K, used 15550K [0x0000000081e00000, 0x0000000100000000)
  region size 1024K, 14 young (14336K), 2 survivors (2048K)
 Metaspace       used 5767K, committed 5952K, reserved 1114112K
  class space    used 693K, committed 768K, reserved 1048576K
}
Event: 4.980 GC heap after
{Heap after GC invocations=2 (full 0):
 garbage-first heap   total 131072K, used 4089K [0x0000000081e00000, 0x0000000100000000)
  region size 1024K, 1 young (1024K), 1 survivors (1024K)
 Metaspace       used 5767K, committed 5952K, reserved 1114112K
  class space    used 693K, committed 768K, reserved 1048576K
}
Event: 7.281 GC heap before
{Heap before GC invocations=2 (full 0):
 garbage-first heap   total 131072K, used 33785K [0x0000000081e00000, 0x0000000100000000)
  region size 1024K, 30 young (30720K), 1 survivors (1024K)
 Metaspace       used 10033K, committed 10176K, reserved 1114112K
  class space    used 1228K, committed 1280K, reserved 1048576K
}
Event: 7.286 GC heap after
{Heap after GC invocations=3 (full 0):
 garbage-first heap   total 131072K, used 5423K [0x0000000081e00000, 0x0000000100000000)
  region size 1024K, 3 young (3072K), 3 survivors (3072K)
 Metaspace       used 10033K, committed 10176K, reserved 1114112K
  class space    used 1228K, committed 1280K, reserved 1048576K
}
Event: 13.336 GC heap before
{Heap before GC invocations=3 (full 0):
 garbage-first heap   total 131072K, used 80175K [0x0000000081e00000, 0x0000000100000000)
  region size 1024K, 76 young (77824K), 3 survivors (3072K)
 Metaspace       used 15750K, committed 15936K, reserved 1114112K
  class space    used 1865K, committed 1920K, reserved 1048576K
}
Event: 13.354 GC heap after
{Heap after GC invocations=4 (full 0):
 garbage-first heap   total 131072K, used 13101K [0x0000000081e00000, 0x0000000100000000)
  region size 1024K, 10 young (10240K), 10 survivors (10240K)
 Metaspace       used 15750K, committed 15936K, reserved 1114112K
  class space    used 1865K, committed 1920K, reserved 1048576K
}
Event: 17.418 GC heap before
{Heap before GC invocations=4 (full 0):
 garbage-first heap   total 131072K, used 80685K [0x0000000081e00000, 0x0000000100000000)
  region size 1024K, 76 young (77824K), 10 survivors (10240K)
 Metaspace       used 17026K, committed 17344K, reserved 1114112K
  class space    used 1958K, committed 2112K, reserved 1048576K
}
Event: 17.439 GC heap after
{Heap after GC invocations=5 (full 0):
 garbage-first heap   total 131072K, used 16840K [0x0000000081e00000, 0x0000000100000000)
  region size 1024K, 5 young (5120K), 5 survivors (5120K)
 Metaspace       used 17026K, committed 17344K, reserved 1114112K
  class space    used 1958K, committed 2112K, reserved 1048576K
}
Event: 17.537 GC heap before
{Heap before GC invocations=5 (full 0):
 garbage-first heap   total 131072K, used 58824K [0x0000000081e00000, 0x0000000100000000)
  region size 1024K, 7 young (7168K), 5 survivors (5120K)
 Metaspace       used 17317K, committed 17600K, reserved 1114112K
  class space    used 1981K, committed 2112K, reserved 1048576K
}
Event: 17.544 GC heap after
{Heap after GC invocations=6 (full 0):
 garbage-first heap   total 131072K, used 24529K [0x0000000081e00000, 0x0000000100000000)
  region size 1024K, 4 young (4096K), 4 survivors (4096K)
 Metaspace       used 17317K, committed 17600K, reserved 1114112K
  class space    used 1981K, committed 2112K, reserved 1048576K
}
Event: 17.555 GC heap before
{Heap before GC invocations=6 (full 0):
 garbage-first heap   total 131072K, used 57297K [0x0000000081e00000, 0x0000000100000000)
  region size 1024K, 5 young (5120K), 4 survivors (4096K)
 Metaspace       used 17318K, committed 17600K, reserved 1114112K
  class space    used 1981K, committed 2112K, reserved 1048576K
}
Event: 17.561 GC heap after
{Heap after GC invocations=7 (full 0):
 garbage-first heap   total 131072K, used 24806K [0x0000000081e00000, 0x0000000100000000)
  region size 1024K, 5 young (5120K), 5 survivors (5120K)
 Metaspace       used 17318K, committed 17600K, reserved 1114112K
  class space    used 1981K, committed 2112K, reserved 1048576K
}

