# JRE version: Java(TM) SE Runtime Environment (17.0.11+7) (build 17.0.11+7-LTS-207)
# Java VM: Java HotSpot(TM) 64-Bit Server VM (17.0.11+7-LTS-207, mixed mode, sharing, tiered, compressed oops, compressed class ptrs, g1 gc, windows-amd64)
GC Precious Log:
 CPUs: 4 total, 4 available
 Memory: 8067M
 Large Page Support: Disabled
 NUMA Support: Disabled
 Compressed Oops: Enabled (32-bit)
 Heap Region Size: 1M
 Heap Min Capacity: 8M
 Heap Initial Capacity: 128M
 Heap Max Capacity: 2018M
 Pre-touch: Disabled
 Parallel Workers: 4
 Concurrent Workers: 1
 Concurrent Refinement Workers: 4
 Periodic GC: Disabled
Heap:
 garbage-first heap   total 89088K, used 60820K [0x0000000081e00000, 0x0000000100000000)
  region size 1024K, 22 young (22528K), 5 survivors (5120K)
 Metaspace       used 78232K, committed 78848K, reserved 1179648K
  class space    used 10784K, committed 11072K, reserved 1048576K
GC Heap History (20 events):
Event: 18.728 GC heap before
{Heap before GC invocations=20 (full 0):
 garbage-first heap   total 73728K, used 59471K [0x0000000081e00000, 0x0000000100000000)
  region size 1024K, 31 young (31744K), 3 survivors (3072K)
 Metaspace       used 68752K, committed 69248K, reserved 1114112K
  class space    used 9508K, committed 9728K, reserved 1048576K
}
Event: 18.740 GC heap after
{Heap after GC invocations=21 (full 0):
 garbage-first heap   total 73728K, used 33449K [0x0000000081e00000, 0x0000000100000000)
  region size 1024K, 4 young (4096K), 4 survivors (4096K)
 Metaspace       used 68752K, committed 69248K, reserved 1114112K
  class space    used 9508K, committed 9728K, reserved 1048576K
}
Event: 19.254 GC heap before
{Heap before GC invocations=21 (full 0):
 garbage-first heap   total 73728K, used 58025K [0x0000000081e00000, 0x0000000100000000)
  region size 1024K, 29 young (29696K), 4 survivors (4096K)
 Metaspace       used 70888K, committed 71488K, reserved 1114112K
  class space    used 9803K, committed 10112K, reserved 1048576K
}
Event: 19.262 GC heap after
{Heap after GC invocations=22 (full 0):
 garbage-first heap   total 73728K, used 35334K [0x0000000081e00000, 0x0000000100000000)
  region size 1024K, 2 young (2048K), 2 survivors (2048K)
 Metaspace       used 70888K, committed 71488K, reserved 1114112K
  class space    used 9803K, committed 10112K, reserved 1048576K
}
Event: 19.549 GC heap before
{Heap before GC invocations=22 (full 0):
 garbage-first heap   total 73728K, used 59910K [0x0000000081e00000, 0x0000000100000000)
  region size 1024K, 26 young (26624K), 2 survivors (2048K)
 Metaspace       used 71347K, committed 71936K, reserved 1114112K
  class space    used 9871K, committed 10176K, reserved 1048576K
}
Event: 19.554 GC heap after
{Heap after GC invocations=23 (full 0):
 garbage-first heap   total 73728K, used 35595K [0x0000000081e00000, 0x0000000100000000)
  region size 1024K, 2 young (2048K), 2 survivors (2048K)
 Metaspace       used 71347K, committed 71936K, reserved 1114112K
  class space    used 9871K, committed 10176K, reserved 1048576K
}
Event: 20.026 GC heap before
{Heap before GC invocations=24 (full 0):
 garbage-first heap   total 73728K, used 60171K [0x0000000081e00000, 0x0000000100000000)
  region size 1024K, 26 young (26624K), 2 survivors (2048K)
 Metaspace       used 71847K, committed 72448K, reserved 1114112K
  class space    used 9943K, committed 10240K, reserved 1048576K
}
Event: 20.031 GC heap after
{Heap after GC invocations=25 (full 0):
 garbage-first heap   total 73728K, used 36404K [0x0000000081e00000, 0x0000000100000000)
  region size 1024K, 3 young (3072K), 3 survivors (3072K)
 Metaspace       used 71847K, committed 72448K, reserved 1114112K
  class space    used 9943K, committed 10240K, reserved 1048576K
}
Event: 20.421 GC heap before
{Heap before GC invocations=25 (full 0):
 garbage-first heap   total 73728K, used 60980K [0x0000000081e00000, 0x0000000100000000)
  region size 1024K, 27 young (27648K), 3 survivors (3072K)
 Metaspace       used 71930K, committed 72512K, reserved 1114112K
  class space    used 9947K, committed 10240K, reserved 1048576K
}
Event: 20.427 GC heap after
{Heap after GC invocations=26 (full 0):
 garbage-first heap   total 89088K, used 37152K [0x0000000081e00000, 0x0000000100000000)
  region size 1024K, 3 young (3072K), 3 survivors (3072K)
 Metaspace       used 71930K, committed 72512K, reserved 1114112K
  class space    used 9947K, committed 10240K, reserved 1048576K
}
Event: 21.021 GC heap before
{Heap before GC invocations=27 (full 0):
 garbage-first heap   total 89088K, used 74016K [0x0000000081e00000, 0x0000000100000000)
  region size 1024K, 39 young (39936K), 3 survivors (3072K)
 Metaspace       used 72372K, committed 72960K, reserved 1114112K
  class space    used 9993K, committed 10304K, reserved 1048576K
}
Event: 21.026 GC heap after
{Heap after GC invocations=28 (full 0):
 garbage-first heap   total 89088K, used 38036K [0x0000000081e00000, 0x0000000100000000)
  region size 1024K, 4 young (4096K), 4 survivors (4096K)
 Metaspace       used 72372K, committed 72960K, reserved 1114112K
  class space    used 9993K, committed 10304K, reserved 1048576K
}
Event: 21.517 GC heap before
{Heap before GC invocations=28 (full 0):
 garbage-first heap   total 89088K, used 73876K [0x0000000081e00000, 0x0000000100000000)
  region size 1024K, 39 young (39936K), 4 survivors (4096K)
 Metaspace       used 72930K, committed 73472K, reserved 1114112K
  class space    used 10028K, committed 10304K, reserved 1048576K
}
Event: 21.524 GC heap after
{Heap after GC invocations=29 (full 0):
 garbage-first heap   total 89088K, used 39544K [0x0000000081e00000, 0x0000000100000000)
  region size 1024K, 4 young (4096K), 4 survivors (4096K)
 Metaspace       used 72930K, committed 73472K, reserved 1114112K
  class space    used 10028K, committed 10304K, reserved 1048576K
}
Event: 21.951 GC heap before
{Heap before GC invocations=29 (full 0):
 garbage-first heap   total 89088K, used 74360K [0x0000000081e00000, 0x0000000100000000)
  region size 1024K, 38 young (38912K), 4 survivors (4096K)
 Metaspace       used 73265K, committed 73856K, reserved 1114112K
  class space    used 10079K, committed 10368K, reserved 1048576K
}
Event: 21.958 GC heap after
{Heap after GC invocations=30 (full 0):
 garbage-first heap   total 89088K, used 40165K [0x0000000081e00000, 0x0000000100000000)
  region size 1024K, 4 young (4096K), 4 survivors (4096K)
 Metaspace       used 73265K, committed 73856K, reserved 1114112K
  class space    used 10079K, committed 10368K, reserved 1048576K
}
Event: 23.047 GC heap before
{Heap before GC invocations=30 (full 0):
 garbage-first heap   total 89088K, used 73957K [0x0000000081e00000, 0x0000000100000000)
  region size 1024K, 37 young (37888K), 4 survivors (4096K)
 Metaspace       used 76188K, committed 76800K, reserved 1179648K
  class space    used 10497K, committed 10816K, reserved 1048576K
}
Event: 23.057 GC heap after
{Heap after GC invocations=31 (full 0):
 garbage-first heap   total 89088K, used 42722K [0x0000000081e00000, 0x0000000100000000)
  region size 1024K, 5 young (5120K), 5 survivors (5120K)
 Metaspace       used 76188K, committed 76800K, reserved 1179648K
  class space    used 10497K, committed 10816K, reserved 1048576K
}
Event: 23.463 GC heap before
{Heap before GC invocations=31 (full 0):
 garbage-first heap   total 89088K, used 73442K [0x0000000081e00000, 0x0000000100000000)
  region size 1024K, 35 young (35840K), 5 survivors (5120K)
 Metaspace       used 76862K, committed 77504K, reserved 1179648K
  class space    used 10579K, committed 10880K, reserved 1048576K
}
Event: 23.473 GC heap after
{Heap after GC invocations=32 (full 0):
 garbage-first heap   total 89088K, used 44436K [0x0000000081e00000, 0x0000000100000000)
  region size 1024K, 5 young (5120K), 5 survivors (5120K)
 Metaspace       used 76862K, committed 77504K, reserved 1179648K
  class space    used 10579K, committed 10880K, reserved 1048576K
}

