# JRE version: Java(TM) SE Runtime Environment (17.0.11+7) (build 17.0.11+7-LTS-207)
# Java VM: Java HotSpot(TM) 64-Bit Server VM (17.0.11+7-LTS-207, mixed mode, sharing, tiered, compressed oops, compressed class ptrs, g1 gc, windows-amd64)
GC Precious Log:
 CPUs: 4 total, 4 available
 Memory: 8067M
 Large Page Support: Disabled
 NUMA Support: Disabled
 Compressed Oops: Enabled (32-bit)
 Heap Region Size: 1M
 Heap Min Capacity: 8M
 Heap Initial Capacity: 128M
 Heap Max Capacity: 2018M
 Pre-touch: Disabled
 Parallel Workers: 4
 Concurrent Workers: 1
 Concurrent Refinement Workers: 4
 Periodic GC: Disabled
Heap:
 garbage-first heap   total 79872K, used 41826K [0x0000000081e00000, 0x0000000100000000)
  region size 1024K, 12 young (12288K), 4 survivors (4096K)
 Metaspace       used 70821K, committed 71296K, reserved 1114112K
  class space    used 9964K, committed 10176K, reserved 1048576K
GC Heap History (20 events):
Event: 6.994 GC heap before
{Heap before GC invocations=8 (full 0):
 garbage-first heap   total 66560K, used 49076K [0x0000000081e00000, 0x0000000100000000)
  region size 1024K, 31 young (31744K), 3 survivors (3072K)
 Metaspace       used 33174K, committed 33536K, reserved 1114112K
  class space    used 4456K, committed 4608K, reserved 1048576K
}
Event: 7.009 GC heap after
{Heap after GC invocations=9 (full 0):
 garbage-first heap   total 66560K, used 22557K [0x0000000081e00000, 0x0000000100000000)
  region size 1024K, 4 young (4096K), 4 survivors (4096K)
 Metaspace       used 33174K, committed 33536K, reserved 1114112K
  class space    used 4456K, committed 4608K, reserved 1048576K
}
Event: 7.475 GC heap before
{Heap before GC invocations=9 (full 0):
 garbage-first heap   total 66560K, used 32797K [0x0000000081e00000, 0x0000000100000000)
  region size 1024K, 15 young (15360K), 4 survivors (4096K)
 Metaspace       used 35712K, committed 36096K, reserved 1114112K
  class space    used 4832K, committed 5056K, reserved 1048576K
}
Event: 7.484 GC heap after
{Heap after GC invocations=10 (full 0):
 garbage-first heap   total 66560K, used 23032K [0x0000000081e00000, 0x0000000100000000)
  region size 1024K, 1 young (1024K), 1 survivors (1024K)
 Metaspace       used 35712K, committed 36096K, reserved 1114112K
  class space    used 4832K, committed 5056K, reserved 1048576K
}
Event: 30.484 GC heap before
{Heap before GC invocations=11 (full 0):
 garbage-first heap   total 66560K, used 49656K [0x0000000081e00000, 0x0000000100000000)
  region size 1024K, 28 young (28672K), 1 survivors (1024K)
 Metaspace       used 42442K, committed 42944K, reserved 1114112K
  class space    used 5819K, committed 6080K, reserved 1048576K
}
Event: 30.490 GC heap after
{Heap after GC invocations=12 (full 0):
 garbage-first heap   total 66560K, used 24572K [0x0000000081e00000, 0x0000000100000000)
  region size 1024K, 3 young (3072K), 3 survivors (3072K)
 Metaspace       used 42442K, committed 42944K, reserved 1114112K
  class space    used 5819K, committed 6080K, reserved 1048576K
}
Event: 31.202 GC heap before
{Heap before GC invocations=12 (full 0):
 garbage-first heap   total 66560K, used 49148K [0x0000000081e00000, 0x0000000100000000)
  region size 1024K, 28 young (28672K), 3 survivors (3072K)
 Metaspace       used 46719K, committed 47232K, reserved 1114112K
  class space    used 6347K, committed 6592K, reserved 1048576K
}
Event: 31.212 GC heap after
{Heap after GC invocations=13 (full 0):
 garbage-first heap   total 66560K, used 26013K [0x0000000081e00000, 0x0000000100000000)
  region size 1024K, 4 young (4096K), 4 survivors (4096K)
 Metaspace       used 46719K, committed 47232K, reserved 1114112K
  class space    used 6347K, committed 6592K, reserved 1048576K
}
Event: 31.987 GC heap before
{Heap before GC invocations=13 (full 0):
 garbage-first heap   total 66560K, used 50589K [0x0000000081e00000, 0x0000000100000000)
  region size 1024K, 29 young (29696K), 4 survivors (4096K)
 Metaspace       used 52405K, committed 52864K, reserved 1114112K
  class space    used 7297K, committed 7552K, reserved 1048576K
}
Event: 31.997 GC heap after
{Heap after GC invocations=14 (full 0):
 garbage-first heap   total 66560K, used 26796K [0x0000000081e00000, 0x0000000100000000)
  region size 1024K, 3 young (3072K), 3 survivors (3072K)
 Metaspace       used 52405K, committed 52864K, reserved 1114112K
  class space    used 7297K, committed 7552K, reserved 1048576K
}
Event: 32.623 GC heap before
{Heap before GC invocations=14 (full 0):
 garbage-first heap   total 66560K, used 52396K [0x0000000081e00000, 0x0000000100000000)
  region size 1024K, 28 young (28672K), 3 survivors (3072K)
 Metaspace       used 55838K, committed 56320K, reserved 1114112K
  class space    used 7784K, committed 8000K, reserved 1048576K
}
Event: 32.632 GC heap after
{Heap after GC invocations=15 (full 0):
 garbage-first heap   total 79872K, used 28039K [0x0000000081e00000, 0x0000000100000000)
  region size 1024K, 2 young (2048K), 2 survivors (2048K)
 Metaspace       used 55838K, committed 56320K, reserved 1114112K
  class space    used 7784K, committed 8000K, reserved 1048576K
}
Event: 33.866 GC heap before
{Heap before GC invocations=15 (full 0):
 garbage-first heap   total 79872K, used 34183K [0x0000000081e00000, 0x0000000100000000)
  region size 1024K, 9 young (9216K), 2 survivors (2048K)
 Metaspace       used 60250K, committed 60736K, reserved 1114112K
  class space    used 8338K, committed 8576K, reserved 1048576K
}
Event: 33.876 GC heap after
{Heap after GC invocations=16 (full 0):
 garbage-first heap   total 79872K, used 29008K [0x0000000081e00000, 0x0000000100000000)
  region size 1024K, 3 young (3072K), 3 survivors (3072K)
 Metaspace       used 60250K, committed 60736K, reserved 1114112K
  class space    used 8338K, committed 8576K, reserved 1048576K
}
Event: 41.772 GC heap before
{Heap before GC invocations=17 (full 0):
 garbage-first heap   total 79872K, used 64848K [0x0000000081e00000, 0x0000000100000000)
  region size 1024K, 38 young (38912K), 3 survivors (3072K)
 Metaspace       used 64455K, committed 64960K, reserved 1114112K
  class space    used 8840K, committed 9088K, reserved 1048576K
}
Event: 41.786 GC heap after
{Heap after GC invocations=18 (full 0):
 garbage-first heap   total 79872K, used 31372K [0x0000000081e00000, 0x0000000100000000)
  region size 1024K, 5 young (5120K), 5 survivors (5120K)
 Metaspace       used 64455K, committed 64960K, reserved 1114112K
  class space    used 8840K, committed 9088K, reserved 1048576K
}
Event: 42.294 GC heap before
{Heap before GC invocations=19 (full 0):
 garbage-first heap   total 79872K, used 64140K [0x0000000081e00000, 0x0000000100000000)
  region size 1024K, 37 young (37888K), 5 survivors (5120K)
 Metaspace       used 66154K, committed 66688K, reserved 1114112K
  class space    used 9117K, committed 9344K, reserved 1048576K
}
Event: 42.305 GC heap after
{Heap after GC invocations=20 (full 0):
 garbage-first heap   total 79872K, used 32328K [0x0000000081e00000, 0x0000000100000000)
  region size 1024K, 4 young (4096K), 4 survivors (4096K)
 Metaspace       used 66154K, committed 66688K, reserved 1114112K
  class space    used 9117K, committed 9344K, reserved 1048576K
}
Event: 42.899 GC heap before
{Heap before GC invocations=20 (full 0):
 garbage-first heap   total 79872K, used 64072K [0x0000000081e00000, 0x0000000100000000)
  region size 1024K, 35 young (35840K), 4 survivors (4096K)
 Metaspace       used 69523K, committed 70016K, reserved 1114112K
  class space    used 9794K, committed 10048K, reserved 1048576K
}
Event: 42.911 GC heap after
{Heap after GC invocations=21 (full 0):
 garbage-first heap   total 79872K, used 34658K [0x0000000081e00000, 0x0000000100000000)
  region size 1024K, 4 young (4096K), 4 survivors (4096K)
 Metaspace       used 69523K, committed 70016K, reserved 1114112K
  class space    used 9794K, committed 10048K, reserved 1048576K
}

